<?xml version="1.0" encoding="UTF-8"?>
<!-- Generated by org.testng.reporters.JUnitReportReporter -->
<testsuite name="com.sofq.Test.manage_user_roles" tests="1" time="60.872" ignored="0" failures="0" timestamp="20 Feb 2019 06:31:18 GMT" skipped="0" hostname="SIPL-39" errors="0">
  <testcase name="Login" time="60.872" classname="com.sofq.Test.manage_user_roles"/>
</testsuite> <!-- com.sofq.Test.manage_user_roles -->
