<?xml version="1.0" encoding="UTF-8"?>
<!-- Generated by org.testng.reporters.JUnitReportReporter -->
<testsuite name="com.facebook.Utilities.Create_TestNGXML" tests="1" time="38.716" ignored="0" failures="0" timestamp="14 Mar 2020 13:16:22 GMT" skipped="0" hostname="king-PC" errors="0">
  <testcase name="createXMLfile" time="38.716" classname="com.facebook.Utilities.Create_TestNGXML"/>
</testsuite> <!-- com.facebook.Utilities.Create_TestNGXML -->
