<?xml version="1.0" encoding="UTF-8"?>
<!-- Generated by org.testng.reporters.JUnitReportReporter -->
<testsuite name="com.sofq.Test.Login_Test" tests="1" time="61.019" ignored="0" failures="0" timestamp="20 Feb 2019 05:24:15 GMT" skipped="0" hostname="SIPL-39" errors="0">
  <testcase name="Login" time="61.019" classname="com.sofq.Test.Login_Test"/>
</testsuite> <!-- com.sofq.Test.Login_Test -->
