<?xml version="1.0" encoding="UTF-8"?>
<!-- Generated by org.testng.reporters.JUnitReportReporter -->
<testsuite name="com.sofq.Test.manage_user_roles_Test" tests="1" time="39.968" ignored="0" failures="0" timestamp="18 Jun 2019 05:06:19 GMT" skipped="0" hostname="SIPL-39" errors="0">
  <testcase name="Login" time="39.968" classname="com.sofq.Test.manage_user_roles_Test"/>
</testsuite> <!-- com.sofq.Test.manage_user_roles_Test -->
