<?xml version="1.0" encoding="UTF-8"?>
<!-- Generated by org.testng.reporters.JUnitReportReporter -->
<testsuite name="com.facebook.Test.FacebookLogin" tests="1" time="32.909" ignored="0" failures="0" timestamp="14 Mar 2020 13:16:21 GMT" skipped="0" hostname="king-PC" errors="0">
  <testcase name="Login" time="32.909" classname="com.facebook.Test.FacebookLogin"/>
</testsuite> <!-- com.facebook.Test.FacebookLogin -->
