<?xml version="1.0" encoding="UTF-8"?>
<!-- Generated by org.testng.reporters.JUnitReportReporter -->
<testsuite name="com.sofq.Utilities.Create_TestNGXML" tests="1" time="23.888" ignored="0" failures="0" timestamp="19 Jun 2019 05:40:39 GMT" skipped="0" hostname="SIPL-39" errors="0">
  <testcase name="createXMLfile" time="23.888" classname="com.sofq.Utilities.Create_TestNGXML"/>
</testsuite> <!-- com.sofq.Utilities.Create_TestNGXML -->
