<?xml version="1.0" encoding="UTF-8"?>
<!-- Generated by org.testng.reporters.JUnitReportReporter -->
<testsuite name="com.sofq.Utilities.Create_TestNGXML" tests="1" time="24.950" ignored="0" failures="0" timestamp="19 Sep 2019 09:03:50 GMT" skipped="0" hostname="SIPL-39" errors="0">
  <testcase name="createXMLfile" time="24.950" classname="com.sofq.Utilities.Create_TestNGXML"/>
</testsuite> <!-- com.sofq.Utilities.Create_TestNGXML -->
